
INPUT_FILE:		SAS.ac
ESP_FILE:		SAS.esp
CONF_NUM:		1
NET_CHARGE:		0.00000  
There are 2 separating bonds
SEPBOND			1	N1	C6	1
SEPBOND			2	C4	N2	-1
There are 4 predefined charges
ATOM_CHARGE		1	N1	 -0.83330
ATOM_CHARGE		2	H7	  0.36590
ATOM_CHARGE		3	C4	  0.70490
ATOM_CHARGE		4	O2	 -0.53270
PREP_FILE: SAS.prepi

Cap Atoms for #1 separating bond (C6 - N1) with a type of 1
ATOM	 17	C6
ATOM	 18	O4
ATOM	 19	C7
ATOM	 20	H8
ATOM	 21	H9
ATOM	 22	H10

Cap Atoms for #2 separating bond (N2 - C4) with a type of -1
ATOM	 23	N2
ATOM	 24	H11
ATOM	 25	C8
ATOM	 26	H12
ATOM	 27	H13
ATOM	 28	H14

Residue Atoms
ATOM	 1	N1
ATOM	 2	C1
ATOM	 3	H1
ATOM	 4	C2
ATOM	 5	H2
ATOM	 6	H3
ATOM	 7	O1
ATOM	 8	C3
ATOM	 9	C4
ATOM	 10	O2
ATOM	 11	O3
ATOM	 12	C5
ATOM	 13	H4
ATOM	 14	H5
ATOM	 15	H6
ATOM	 16	H7

(PSEUDO) HEAD ATOM: N1

(PSEUDO) TAIL ATOM: C4

Main Chain Atoms
ATOM	1	N1
ATOM	2	C1
ATOM	3	C4
Generate charge input file for respgen ... 

Generate main chain atom file for prepgen ... 

[31mStep 1:  Generate RESP input files ... [0m

Run respgen to generate first stage resp input file ... 

Command: /opt/AMBER/amber16/bin/respgen -i SAS.ac -o RESIDUE_GEN_RESP.INPUT1 -f resp1 -a RESIDUE_GEN_RESPGEN.DAT -n 1


Run respgen to generate second stage resp input file ... 

Command: /opt/AMBER/amber16/bin/respgen -i SAS.ac -o RESIDUE_GEN_RESP.INPUT2 -f resp2 -a RESIDUE_GEN_RESPGEN.DAT -n 1


[31mStep 2:  Run resp to get RESP charges ... [0m

Command: /opt/AMBER/amber16/bin/resp -O -i RESIDUE_GEN_RESP.INPUT1 -o RESIDUE_GEN_RESP.OUTPUT1 -q QIN -e SAS.esp

Command: /opt/AMBER/amber16/bin/resp -O -i RESIDUE_GEN_RESP.INPUT2 -o RESIDUE_GEN_RESP.OUTPUT2 -q qout -e SAS.esp
[31mStep 3:  Read RESP charges ... [0m

Command: /opt/AMBER/amber16/bin/antechamber -fi ac -fo ac -i SAS.ac -o RESIDUE_GEN.AC -c rc -cf qout -at amber


[31mStep 4:  Generate prep input file ... [0m

Command: /opt/AMBER/amber16/bin/prepgen -i RESIDUE_GEN.AC -o SAS.prepi -m RESIDUE_GEN_MAINCHAIN.DAT -rf SAS.res -rn SAS

PRE_HEAD_TYPE is    C6
POST_TAIL_TYPE is    N2
Net charge of truncated molecule is     0.00
HEAD_ATOM      1   N1
TAIL_ATOM      9   C4
MAIN_CHAIN     1    1   N1
MAIN_CHAIN     2    2   C1
MAIN_CHAIN     3    9   C4
OMIT_ATOM      1   17   C6
OMIT_ATOM      2   18   O4
OMIT_ATOM      3   19   C7
OMIT_ATOM      4   20   H8
OMIT_ATOM      5   21   H9
OMIT_ATOM      6   22  H10
OMIT_ATOM      7   23   N2
OMIT_ATOM      8   24  H11
OMIT_ATOM      9   25   C8
OMIT_ATOM     10   26  H12
OMIT_ATOM     11   27  H13
OMIT_ATOM     12   28  H14
Number of mainchain atoms (including head and tail atom):     3
Number of omited atoms:    12

[31mAll Done ![0m

